SF:lib\features\auth\data\models\user_model.dart
DA:9,42
DA:20,37
DA:21,0
DA:30,2
DA:31,1
DA:35,3
DA:36,3
DA:37,3
DA:38,3
DA:39,3
DA:40,3
DA:41,3
DA:45,0
DA:48,6
DA:49,3
DA:50,3
DA:51,3
DA:52,3
DA:53,3
DA:57,3
DA:64,3
DA:65,2
DA:66,0
DA:67,2
DA:68,2
DA:69,2
LF:26
LH:23
end_of_record
SF:lib\features\auth\domain\entities\user.dart
DA:11,49
DA:24,7
DA:25,0
DA:49,1
DA:53,1
DA:54,1
DA:55,1
DA:56,1
DA:57,1
DA:58,1
DA:61,1
DA:62,1
DA:63,1
DA:64,1
DA:65,1
DA:66,1
DA:67,1
LF:17
LH:16
end_of_record
SF:lib\features\auth\data\data_sources\auth_remote_data_source.dart
DA:79,1
DA:91,1
DA:93,2
DA:95,1
DA:96,1
DA:97,1
DA:98,1
DA:99,1
DA:100,1
DA:104,1
DA:107,2
DA:108,1
DA:115,1
DA:116,1
DA:117,1
DA:118,1
DA:119,1
DA:120,1
DA:122,1
DA:123,1
DA:124,1
DA:125,1
DA:130,1
DA:136,2
DA:140,1
DA:142,2
DA:144,1
DA:147,0
DA:153,0
DA:154,0
DA:156,2
DA:160,1
DA:161,1
DA:162,1
DA:163,1
DA:168,1
DA:171,2
DA:179,1
DA:180,1
DA:181,1
DA:182,1
DA:185,2
DA:188,1
DA:197,1
DA:198,1
DA:199,1
DA:200,1
DA:201,1
DA:202,1
DA:204,1
DA:205,1
DA:206,1
DA:207,1
DA:212,1
DA:215,2
DA:216,1
DA:217,1
DA:218,1
DA:219,1
DA:224,1
DA:231,2
DA:235,1
DA:244,1
DA:246,1
DA:247,2
DA:251,1
DA:252,1
DA:253,1
DA:254,1
DA:255,1
DA:256,1
DA:258,1
DA:259,1
DA:260,1
DA:261,1
DA:266,1
DA:269,2
DA:270,1
DA:271,0
DA:272,0
DA:273,0
DA:276,1
DA:277,1
DA:278,1
DA:284,1
DA:291,1
DA:292,3
DA:295,2
DA:297,1
DA:298,1
DA:299,1
DA:300,3
DA:301,1
DA:302,3
DA:306,3
DA:309,2
DA:311,0
DA:312,0
DA:313,0
DA:315,0
DA:316,0
DA:317,0
DA:321,0
DA:322,0
DA:325,0
DA:327,0
DA:328,0
DA:330,0
DA:332,0
DA:340,0
DA:343,0
DA:344,0
DA:350,0
DA:351,0
DA:352,0
DA:353,0
DA:356,0
DA:357,0
DA:361,1
DA:362,1
DA:363,1
DA:364,1
DA:367,0
DA:368,0
DA:369,0
DA:375,1
DA:376,1
DA:377,1
DA:378,3
DA:380,1
DA:383,1
DA:384,3
DA:387,1
DA:388,4
DA:390,1
DA:391,1
DA:392,1
DA:393,1
DA:394,1
DA:395,1
DA:397,1
DA:401,3
LF:142
LH:111
end_of_record
SF:lib\core\errors\exceptions.dart
DA:5,39
DA:13,1
DA:14,3
DA:19,38
DA:27,38
DA:35,2
DA:43,1
DA:51,3
DA:59,38
DA:67,1
DA:75,0
DA:76,0
DA:81,1
DA:89,1
DA:97,1
DA:105,1
DA:113,1
DA:121,1
DA:129,1
DA:137,4
DA:145,1
DA:146,3
DA:151,1
DA:159,4
DA:167,3
DA:175,1
DA:183,3
DA:191,1
DA:199,1
DA:207,3
DA:215,2
DA:223,1
DA:231,1
DA:238,1
DA:245,0
DA:253,1
DA:261,0
DA:262,0
DA:267,1
DA:275,1
DA:283,0
DA:284,0
DA:289,1
DA:297,1
DA:305,1
DA:313,1
DA:321,1
DA:329,1
LF:48
LH:41
end_of_record
SF:lib\core\errors\failures.dart
DA:19,43
DA:21,118
DA:22,0
DA:32,8
DA:33,24
DA:40,10
DA:48,3
DA:51,1
DA:53,1
DA:54,1
DA:55,1
DA:61,5
DA:67,1
DA:68,1
DA:69,1
DA:70,1
DA:76,3
DA:79,1
DA:80,1
DA:81,1
DA:82,1
DA:88,3
DA:91,1
DA:92,1
DA:93,1
DA:94,1
DA:100,3
DA:103,1
DA:104,1
DA:105,1
DA:106,1
DA:112,3
DA:115,1
DA:116,1
DA:117,1
DA:118,1
DA:126,9
DA:134,3
DA:137,1
DA:138,1
DA:139,1
DA:140,1
DA:146,3
DA:149,1
DA:150,1
DA:151,1
DA:152,1
DA:158,3
DA:161,1
DA:162,1
DA:163,1
DA:164,1
DA:170,3
DA:173,1
DA:174,1
DA:175,1
DA:176,1
DA:182,3
DA:185,1
DA:186,1
DA:187,1
DA:188,1
DA:194,3
DA:197,1
DA:198,1
DA:199,1
DA:200,1
DA:206,3
DA:209,1
DA:210,1
DA:211,1
DA:212,1
DA:220,14
DA:228,3
DA:231,1
DA:232,1
DA:233,1
DA:234,1
DA:240,3
DA:243,1
DA:244,1
DA:245,1
DA:246,1
DA:252,2
DA:258,1
DA:259,1
DA:260,1
DA:261,1
DA:267,4
DA:270,1
DA:271,1
DA:272,1
DA:273,1
DA:279,3
DA:285,1
DA:286,1
DA:287,1
DA:288,1
DA:294,3
DA:300,1
DA:301,1
DA:302,1
DA:303,1
DA:309,3
DA:315,1
DA:316,1
DA:317,1
DA:318,1
DA:323,3
DA:329,1
DA:330,1
DA:331,1
DA:332,1
DA:338,3
DA:341,1
DA:342,1
DA:343,1
DA:344,1
DA:350,2
DA:353,1
DA:354,1
DA:355,1
DA:356,1
DA:362,2
DA:365,1
DA:366,1
DA:367,1
DA:368,1
DA:373,2
DA:379,1
DA:380,1
DA:381,1
DA:382,1
DA:387,0
DA:393,0
DA:394,0
DA:395,0
DA:396,0
DA:404,3
DA:412,3
DA:418,1
DA:419,1
DA:420,1
DA:421,1
DA:429,7
DA:437,3
DA:443,1
DA:444,1
DA:445,1
DA:446,1
DA:452,2
DA:458,1
DA:459,1
DA:460,1
DA:461,1
DA:467,3
DA:473,1
DA:474,1
DA:475,1
DA:476,1
DA:482,3
DA:488,1
DA:489,1
DA:490,1
DA:491,1
DA:497,3
DA:503,1
DA:504,1
DA:505,1
DA:506,1
DA:512,3
DA:518,1
DA:519,1
DA:520,1
DA:521,1
LF:175
LH:169
end_of_record
SF:lib\core\usecases\usecase.dart
DA:9,6
DA:27,24
DA:42,0
DA:52,4
LF:4
LH:3
end_of_record
SF:lib\features\platforms\data\models\streaming_platform_model.dart
DA:10,63
DA:24,57
DA:25,0
DA:37,1
DA:38,2
DA:41,4
DA:42,4
DA:43,4
DA:44,4
DA:45,4
DA:46,4
DA:47,4
DA:48,4
DA:49,4
DA:50,4
DA:54,3
DA:57,8
DA:58,4
DA:59,4
DA:60,4
DA:61,4
DA:62,4
DA:63,4
DA:64,4
DA:65,4
DA:69,1
DA:79,1
DA:80,0
DA:81,1
DA:82,1
DA:83,1
DA:84,1
DA:85,1
DA:86,1
DA:87,1
LF:35
LH:33
end_of_record
SF:lib\features\platforms\domain\entities\streaming_platform.dart
DA:5,121
DA:19,57
DA:20,0
DA:51,2
DA:55,2
DA:56,2
DA:57,2
DA:58,2
DA:59,2
DA:60,2
DA:61,2
DA:62,2
DA:63,2
DA:66,3
DA:67,3
DA:68,3
DA:69,3
DA:70,3
DA:71,3
DA:72,3
DA:73,3
DA:74,3
DA:75,3
LF:23
LH:22
end_of_record
SF:lib\features\watch_party\data\models\watch_party_model.dart
DA:13,6
DA:31,6
DA:32,6
DA:37,6
DA:40,6
DA:41,6
DA:48,0
DA:49,0
DA:53,2
DA:54,2
DA:55,2
DA:56,2
DA:57,2
DA:58,2
DA:60,4
DA:61,4
DA:62,2
DA:63,2
DA:64,2
DA:65,0
DA:66,2
DA:67,2
DA:69,4
DA:70,2
DA:71,2
DA:72,2
DA:76,0
DA:79,6
DA:80,3
DA:81,3
DA:82,3
DA:83,6
DA:84,6
DA:85,3
DA:86,3
DA:87,3
DA:88,6
DA:89,3
DA:90,3
DA:91,3
DA:95,3
DA:109,3
DA:110,2
DA:111,3
DA:112,3
DA:113,3
DA:114,3
DA:115,3
DA:116,3
DA:117,3
DA:118,3
DA:119,3
DA:120,3
DA:121,3
LF:54
LH:50
end_of_record
SF:lib\features\watch_party\domain\entities\watch_party.dart
DA:7,14
DA:23,10
DA:24,10
DA:29,10
DA:32,10
DA:33,10
DA:75,2
DA:79,2
DA:80,2
DA:81,2
DA:82,2
DA:83,2
DA:84,2
DA:85,2
DA:86,2
DA:87,2
DA:88,2
DA:89,2
DA:90,2
DA:92,2
DA:95,1
DA:96,1
DA:97,1
DA:98,1
DA:99,1
DA:100,1
DA:101,1
DA:102,1
DA:103,1
DA:104,1
DA:105,1
DA:106,1
DA:107,1
LF:33
LH:33
end_of_record
SF:lib\features\watch_party\domain\use_cases\create_watch_party.dart
DA:12,1
DA:16,1
DA:20,2
LF:3
LH:3
end_of_record
SF:lib\features\watch_party\domain\use_cases\end_watch_party.dart
DA:9,1
DA:13,1
DA:17,2
LF:3
LH:3
end_of_record
SF:lib\features\watch_party\domain\use_cases\get_synced_data.dart
DA:6,1
DA:10,1
DA:14,2
LF:3
LH:3
end_of_record
SF:lib\features\watch_party\domain\use_cases\get_watch_party.dart
DA:8,1
DA:12,1
DA:16,2
LF:3
LH:3
end_of_record
SF:lib\features\watch_party\domain\use_cases\join_watch_party.dart
DA:12,1
DA:16,1
DA:20,2
DA:21,1
DA:22,1
DA:30,1
DA:36,2
DA:46,1
DA:47,3
LF:9
LH:9
end_of_record
SF:lib\features\watch_party\domain\use_cases\leave_watch_party.dart
DA:10,1
DA:14,1
DA:15,2
DA:16,1
DA:17,1
DA:25,1
DA:31,2
DA:41,1
DA:42,3
LF:9
LH:9
end_of_record
SF:lib\features\watch_party\domain\use_cases\listen_to_participants.dart
DA:6,1
DA:8,1
DA:12,2
LF:3
LH:3
end_of_record
SF:lib\features\watch_party\domain\use_cases\listen_to_party_start.dart
DA:6,1
DA:8,1
DA:12,2
LF:3
LH:3
end_of_record
SF:lib\features\watch_party\domain\use_cases\send_sync_data.dart
DA:7,1
DA:10,1
DA:14,2
DA:15,1
DA:16,1
DA:17,1
DA:22,1
DA:28,2
DA:37,1
DA:38,4
LF:10
LH:10
end_of_record
SF:lib\features\watch_party\domain\use_cases\start_watch_party.dart
DA:6,1
DA:10,1
DA:11,2
LF:3
LH:3
end_of_record
SF:lib\features\watch_party\domain\use_cases\update_video_url.dart
DA:10,1
DA:14,1
DA:16,2
DA:17,1
DA:18,1
DA:27,1
DA:32,2
DA:42,1
DA:43,3
LF:9
LH:9
end_of_record
SF:lib\features\watch_party\presentation\watch_party_session_bloc\watch_party_session_state.dart
DA:5,58
DA:6,1
DA:7,1
DA:12,57
DA:17,1
DA:21,1
DA:22,2
DA:30,1
DA:34,1
DA:35,2
DA:40,1
DA:43,1
DA:44,2
DA:49,1
DA:52,1
DA:53,2
DA:58,57
DA:63,57
DA:68,0
DA:73,2
DA:81,1
DA:82,3
DA:87,1
DA:91,1
DA:92,2
DA:103,57
LF:26
LH:25
end_of_record
SF:lib\features\watch_party\presentation\watch_party_session_bloc\watch_party_session_event.dart
DA:5,1
DA:6,0
DA:7,0
DA:12,1
DA:22,0
DA:23,0
DA:28,1
DA:36,0
DA:37,0
DA:42,1
DA:47,0
DA:48,0
DA:53,0
DA:61,0
DA:62,0
DA:67,1
DA:75,0
DA:76,0
DA:81,1
DA:87,0
DA:88,0
DA:93,1
DA:101,0
DA:102,0
DA:106,1
DA:110,0
DA:111,0
DA:116,1
DA:120,0
DA:121,0
DA:126,1
DA:130,0
DA:131,0
DA:136,1
DA:146,0
DA:147,0
DA:148,0
DA:149,0
DA:150,0
DA:156,1
DA:160,0
DA:161,0
LF:42
LH:12
end_of_record
SF:lib\features\watch_party\presentation\watch_party_session_bloc\watch_party_session_bloc.dart
DA:26,1
DA:38,1
DA:39,2
DA:40,2
DA:41,2
DA:42,2
DA:43,2
DA:44,1
DA:45,1
DA:46,1
DA:48,2
DA:49,1
DA:50,1
DA:51,1
DA:53,2
DA:54,2
DA:55,2
DA:70,1
DA:74,2
DA:76,3
DA:78,1
DA:79,1
DA:80,3
DA:81,1
DA:83,1
DA:84,2
DA:85,1
DA:90,1
DA:94,2
DA:95,2
DA:96,1
DA:97,1
DA:98,1
DA:102,1
DA:103,4
DA:104,3
DA:108,1
DA:112,2
DA:113,2
DA:114,1
DA:117,1
DA:118,4
DA:119,3
DA:123,1
DA:127,2
DA:128,2
DA:129,1
DA:130,1
DA:131,1
DA:135,1
DA:136,4
DA:137,2
DA:141,1
DA:145,2
DA:147,3
DA:149,1
DA:150,4
DA:151,2
DA:156,1
DA:160,2
DA:161,1
DA:163,5
DA:164,1
DA:165,1
DA:166,1
DA:167,3
DA:169,1
DA:170,2
DA:174,0
DA:175,0
DA:177,3
DA:181,1
DA:185,4
DA:186,2
DA:187,3
DA:188,1
DA:189,4
DA:190,3
DA:195,1
DA:199,1
DA:201,2
DA:203,5
DA:204,1
DA:205,1
DA:207,1
DA:208,1
DA:209,4
DA:210,2
DA:212,1
DA:213,1
DA:214,1
DA:215,2
DA:222,0
DA:223,0
DA:224,0
DA:226,0
DA:234,1
DA:238,2
DA:239,1
DA:240,1
DA:241,1
DA:245,1
DA:246,4
DA:247,3
DA:251,1
DA:255,2
DA:256,1
DA:257,1
DA:258,1
DA:259,1
DA:263,1
DA:264,4
DA:265,1
DA:270,1
DA:274,1
DA:275,5
DA:277,1
DA:278,1
DA:279,1
DA:280,3
DA:281,2
DA:283,2
DA:284,1
DA:285,1
DA:286,1
DA:291,0
DA:292,0
DA:293,0
DA:295,1
DA:296,2
DA:301,1
DA:303,2
DA:304,2
DA:305,2
DA:306,1
LF:135
LH:126
end_of_record
SF:lib\features\auth\data\repositories\auth_repository_impl.dart
DA:11,1
DA:13,1
DA:16,2
DA:17,1
DA:18,1
DA:19,2
DA:23,1
DA:26,2
DA:27,1
DA:28,1
DA:29,2
DA:33,1
DA:39,2
DA:43,1
DA:44,1
DA:45,2
DA:49,1
DA:52,2
DA:53,1
DA:54,1
DA:55,2
DA:59,1
DA:62,2
DA:63,1
DA:64,1
DA:65,2
DA:69,1
DA:76,2
DA:81,1
DA:82,1
DA:83,2
DA:87,1
DA:90,2
DA:93,1
DA:94,1
DA:95,1
DA:96,1
DA:103,1
DA:109,2
DA:114,1
DA:115,1
DA:116,2
LF:42
LH:42
end_of_record
SF:lib\features\auth\domain\use_cases\forgot_password.dart
DA:9,1
DA:13,1
DA:14,2
LF:3
LH:3
end_of_record
SF:lib\features\auth\domain\use_cases\get_current_user.dart
DA:10,1
DA:14,1
DA:16,2
LF:3
LH:3
end_of_record
SF:lib\features\auth\domain\use_cases\sign_in_anonymously.dart
DA:10,1
DA:14,1
DA:16,2
LF:3
LH:3
end_of_record
SF:lib\features\auth\domain\use_cases\sign_in_with_email.dart
DA:11,1
DA:14,1
DA:16,4
DA:24,1
DA:27,2
DA:37,1
DA:38,3
LF:7
LH:7
end_of_record
SF:lib\features\auth\domain\use_cases\sign_in_with_google.dart
DA:10,1
DA:14,1
DA:16,2
LF:3
LH:3
end_of_record
SF:lib\features\auth\domain\use_cases\sign_out.dart
DA:9,1
DA:13,1
DA:15,2
LF:3
LH:3
end_of_record
SF:lib\features\auth\domain\use_cases\sign_up_with_email.dart
DA:11,1
DA:14,1
DA:18,2
DA:19,1
DA:20,1
DA:21,1
DA:29,1
DA:36,2
DA:44,0
DA:45,0
LF:10
LH:8
end_of_record
SF:lib\features\auth\domain\use_cases\update_user_profile.dart
DA:11,1
DA:14,1
DA:18,2
DA:19,1
DA:20,1
DA:28,3
DA:34,1
DA:35,0
DA:43,1
DA:44,3
LF:10
LH:9
end_of_record
SF:lib\features\auth\presentation\auth_bloc\auth_state.dart
DA:4,3
DA:5,1
DA:6,1
DA:10,2
DA:14,2
DA:18,1
DA:22,1
DA:23,2
DA:27,0
DA:33,0
DA:34,0
DA:38,0
DA:44,0
DA:45,0
DA:49,0
DA:53,2
DA:57,0
DA:61,2
DA:65,1
DA:66,2
DA:70,2
DA:74,2
LF:22
LH:14
end_of_record
SF:lib\features\auth\presentation\auth_bloc\auth_event.dart
DA:4,2
DA:5,0
DA:6,0
DA:10,1
DA:14,0
DA:15,0
DA:19,1
DA:23,1
DA:27,1
DA:31,1
DA:41,0
DA:42,0
DA:46,1
DA:50,1
DA:56,0
DA:57,0
DA:61,1
DA:65,2
DA:67,0
DA:73,0
DA:74,0
LF:21
LH:10
end_of_record
SF:lib\features\auth\presentation\auth_bloc\auth_bloc.dart
DA:20,1
DA:37,1
DA:38,2
DA:39,2
DA:40,2
DA:41,2
DA:42,2
DA:43,2
DA:44,2
DA:45,2
DA:57,1
DA:61,1
DA:62,2
DA:63,3
DA:66,1
DA:67,4
DA:68,3
DA:72,1
DA:76,1
DA:77,2
DA:79,1
DA:80,4
DA:81,3
DA:85,1
DA:89,1
DA:90,2
DA:92,1
DA:93,4
DA:94,3
DA:98,1
DA:102,1
DA:103,2
DA:104,1
DA:105,1
DA:106,1
DA:107,1
DA:111,1
DA:112,4
DA:113,3
DA:117,1
DA:121,1
DA:122,2
DA:124,1
DA:125,4
DA:126,2
DA:130,1
DA:134,1
DA:135,2
DA:136,1
DA:137,4
DA:138,1
DA:139,1
DA:140,1
DA:142,1
DA:148,1
DA:152,1
DA:153,3
DA:155,1
DA:156,4
DA:157,2
DA:161,1
DA:165,1
DA:167,2
DA:168,1
DA:169,1
DA:170,1
DA:174,1
DA:175,4
DA:176,2
LF:69
LH:69
end_of_record
SF:lib\features\chat\data\datasources\chat_remote_data_source.dart
DA:67,1
DA:71,1
DA:73,1
DA:74,1
DA:75,1
DA:76,1
DA:77,1
DA:78,3
DA:79,1
DA:80,3
DA:82,1
DA:84,1
DA:85,0
DA:86,0
DA:87,0
DA:88,0
DA:91,0
DA:92,0
DA:98,1
DA:101,1
DA:102,1
DA:103,1
DA:104,1
DA:105,1
DA:106,1
DA:108,1
DA:109,1
DA:110,1
DA:111,2
DA:112,2
DA:113,0
DA:114,0
DA:115,0
DA:116,0
DA:119,0
DA:120,0
DA:121,0
DA:127,1
DA:130,1
DA:131,1
DA:132,1
DA:133,1
DA:134,1
DA:135,0
DA:136,0
DA:137,0
DA:138,0
DA:140,0
DA:143,0
DA:144,0
DA:150,1
DA:153,5
DA:154,0
DA:155,0
DA:156,0
DA:157,0
DA:159,0
DA:162,0
DA:163,0
DA:169,1
DA:172,1
DA:173,1
DA:174,1
DA:175,1
DA:176,1
DA:177,2
DA:178,0
DA:179,0
DA:180,0
DA:181,0
DA:183,0
DA:186,0
DA:187,0
DA:193,1
DA:196,1
DA:197,1
DA:198,1
DA:201,1
DA:202,1
DA:203,1
DA:204,2
DA:205,1
DA:206,3
DA:208,1
DA:210,0
DA:211,0
DA:212,0
DA:213,0
DA:215,0
DA:218,0
DA:219,0
DA:225,1
DA:226,1
DA:227,3
DA:228,0
DA:229,0
DA:230,0
DA:231,0
DA:233,0
DA:235,0
DA:236,0
DA:238,0
DA:241,2
DA:242,2
DA:243,2
DA:245,1
DA:249,3
LF:107
LH:58
end_of_record
SF:lib\features\chat\data\models\message_model.dart
DA:11,3
DA:22,3
DA:23,3
DA:28,3
DA:32,0
DA:33,0
DA:37,2
DA:38,2
DA:39,2
DA:40,2
DA:41,2
DA:42,2
DA:43,4
DA:47,0
DA:50,4
DA:51,2
DA:52,2
DA:53,2
DA:54,2
DA:55,4
DA:59,2
DA:66,2
DA:67,1
DA:68,2
DA:69,2
DA:70,2
DA:71,2
LF:27
LH:24
end_of_record
SF:lib\features\chat\domain\entities\message.dart
DA:4,5
DA:15,2
DA:16,2
DA:21,2
DA:39,2
DA:43,2
DA:44,2
DA:45,2
DA:46,2
DA:47,2
DA:49,2
DA:52,2
DA:53,2
DA:54,2
DA:55,2
DA:56,2
DA:57,2
DA:58,2
LF:18
LH:18
end_of_record
SF:lib\features\chat\data\repositories\chat_repository_impl.dart
DA:14,1
DA:18,1
DA:20,3
DA:21,1
DA:22,1
DA:23,2
DA:25,1
DA:26,3
DA:27,1
DA:28,3
DA:30,0
DA:31,0
DA:32,0
DA:33,0
DA:44,1
DA:47,2
DA:51,1
DA:52,1
DA:53,2
DA:57,1
DA:60,2
DA:61,1
DA:62,1
DA:63,2
DA:67,1
DA:70,2
DA:74,1
DA:75,1
DA:76,2
DA:80,1
DA:83,2
DA:88,1
DA:89,1
DA:90,2
DA:94,1
DA:97,2
DA:101,1
DA:102,1
DA:103,2
LF:39
LH:35
end_of_record
SF:lib\features\chat\domain\usecases\clear_room_messages.dart
DA:10,1
DA:14,1
DA:18,2
LF:3
LH:3
end_of_record
SF:lib\features\chat\domain\usecases\delete_message.dart
DA:11,1
DA:15,1
DA:19,2
DA:20,1
DA:21,1
DA:29,3
DA:35,2
DA:36,0
DA:44,1
DA:45,3
LF:10
LH:9
end_of_record
SF:lib\features\chat\domain\usecases\edit_message.dart
DA:10,1
DA:12,1
DA:13,2
DA:14,1
DA:15,1
DA:16,1
DA:24,3
DA:31,2
DA:32,0
DA:42,1
DA:43,4
LF:11
LH:10
end_of_record
SF:lib\features\chat\domain\usecases\fetch_messages.dart
DA:12,1
DA:15,1
DA:19,2
DA:20,1
DA:21,1
DA:29,3
DA:35,2
DA:36,0
DA:44,1
DA:45,3
LF:10
LH:9
end_of_record
SF:lib\features\chat\domain\usecases\listen_to_messages.dart
DA:11,1
DA:15,1
DA:19,2
LF:3
LH:3
end_of_record
SF:lib\features\chat\domain\usecases\send_message.dart
DA:11,1
DA:15,1
DA:19,2
DA:20,1
DA:21,1
DA:29,2
DA:35,2
DA:36,2
DA:38,2
DA:44,1
DA:45,3
LF:11
LH:11
end_of_record
SF:lib\features\chat\presentation\chat_cubit\chat_state.dart
DA:5,3
DA:7,1
DA:8,1
DA:13,2
DA:18,1
DA:22,1
DA:23,2
DA:28,2
DA:33,2
DA:38,2
DA:43,2
DA:48,2
DA:53,2
DA:58,1
DA:61,1
DA:62,2
DA:67,2
DA:72,2
DA:77,2
DA:82,1
DA:86,1
DA:87,2
DA:92,2
LF:23
LH:23
end_of_record
SF:lib\features\chat\presentation\chat_cubit\chat_cubit.dart
DA:18,1
DA:25,1
DA:34,1
DA:35,1
DA:36,2
DA:37,1
DA:42,1
DA:43,4
DA:44,2
DA:49,1
DA:50,1
DA:51,1
DA:52,4
DA:54,1
DA:55,1
DA:56,1
DA:57,3
DA:58,2
DA:60,3
DA:63,0
DA:64,0
DA:65,0
DA:67,1
DA:68,2
DA:73,1
DA:78,1
DA:79,2
DA:80,1
DA:87,1
DA:88,4
DA:89,2
DA:93,1
DA:97,1
DA:98,2
DA:99,1
DA:105,1
DA:106,4
DA:107,2
DA:111,1
DA:115,1
DA:116,2
DA:117,1
DA:123,1
DA:124,4
DA:125,3
DA:129,1
DA:132,1
DA:133,2
DA:135,1
DA:136,4
DA:137,2
DA:141,1
DA:143,2
DA:144,1
LF:54
LH:51
end_of_record
SF:lib\features\friends\data\data_sources\friends_remote_data_source.dart
DA:63,1
DA:67,1
DA:70,2
DA:71,1
DA:72,1
DA:73,1
DA:76,2
DA:77,1
DA:78,1
DA:79,1
DA:80,1
DA:81,1
DA:82,1
DA:84,0
DA:85,0
DA:86,0
DA:87,0
DA:90,0
DA:91,0
DA:92,0
DA:98,1
DA:101,3
DA:102,1
DA:104,1
DA:106,2
DA:107,2
DA:108,1
DA:109,1
DA:110,1
DA:111,1
DA:112,1
DA:113,1
DA:114,1
DA:115,1
DA:116,1
DA:117,1
DA:119,1
DA:122,1
DA:123,0
DA:124,0
DA:125,0
DA:126,0
DA:129,0
DA:130,0
DA:131,0
DA:137,1
DA:140,4
DA:141,0
DA:142,0
DA:143,0
DA:144,0
DA:147,0
DA:148,0
DA:149,0
DA:155,0
DA:158,0
DA:159,0
DA:163,0
DA:164,0
DA:165,0
DA:166,0
DA:167,0
DA:169,0
DA:173,0
DA:174,0
DA:175,0
DA:176,0
DA:179,0
DA:180,0
DA:181,0
DA:187,1
DA:190,4
DA:191,2
DA:192,1
DA:193,3
DA:195,1
DA:199,0
DA:200,0
DA:201,0
DA:202,0
DA:205,0
DA:206,0
DA:207,0
DA:213,1
DA:219,1
DA:220,1
DA:224,1
DA:228,1
DA:230,2
DA:231,2
DA:233,0
DA:234,0
DA:235,0
DA:236,0
DA:239,0
DA:240,0
DA:241,0
DA:247,1
DA:250,1
DA:251,1
DA:252,2
DA:253,1
DA:254,1
DA:255,1
DA:256,2
DA:257,1
DA:258,3
DA:260,1
DA:262,0
DA:263,0
DA:264,0
DA:265,0
DA:268,0
DA:269,0
DA:270,0
DA:276,3
DA:280,3
DA:284,3
LF:118
LH:60
end_of_record
SF:lib\features\friends\data\models\friend_model.dart
DA:12,2
DA:25,2
DA:26,2
DA:32,2
DA:33,2
DA:37,0
DA:38,0
DA:42,2
DA:43,2
DA:44,2
DA:45,2
DA:46,2
DA:47,2
DA:48,2
DA:49,2
DA:50,2
DA:51,2
DA:53,0
DA:54,4
DA:58,0
DA:61,4
DA:62,2
DA:63,2
DA:64,2
DA:65,2
DA:66,2
DA:67,2
DA:68,4
DA:72,2
DA:81,2
DA:82,1
DA:83,1
DA:84,2
DA:85,1
DA:86,2
DA:87,2
DA:88,2
LF:37
LH:33
end_of_record
SF:lib\features\friends\data\models\friend_request_model.dart
DA:10,3
DA:22,3
DA:23,3
DA:29,3
DA:33,0
DA:36,0
DA:37,0
DA:41,1
DA:42,1
DA:43,1
DA:44,1
DA:45,1
DA:46,1
DA:47,1
DA:48,2
DA:52,0
DA:55,4
DA:56,2
DA:57,2
DA:58,2
DA:59,2
DA:60,2
DA:61,4
DA:65,2
DA:73,2
DA:74,1
DA:75,2
DA:76,2
DA:77,2
DA:78,2
DA:79,2
LF:31
LH:27
end_of_record
SF:lib\features\friends\domain\entities\friend_request.dart
DA:6,7
DA:18,4
DA:19,4
DA:25,4
DA:46,1
DA:47,1
DA:48,1
DA:49,1
DA:50,1
DA:51,1
DA:52,1
LF:11
LH:11
end_of_record
SF:lib\features\friends\domain\entities\friend.dart
DA:6,2
DA:19,0
DA:20,0
DA:26,0
DA:27,0
DA:50,1
DA:51,1
DA:52,1
DA:53,1
DA:54,1
DA:55,1
DA:56,1
DA:57,1
DA:58,1
LF:14
LH:10
end_of_record
SF:lib\features\friends\data\repositories\friends_repository_impl.dart
DA:13,1
DA:17,1
DA:20,2
DA:22,1
DA:23,1
DA:24,2
DA:25,2
DA:29,1
DA:32,2
DA:35,1
DA:36,1
DA:37,2
DA:38,2
DA:42,1
DA:45,2
DA:48,1
DA:49,1
DA:50,2
DA:51,2
DA:55,1
DA:58,2
DA:59,1
DA:60,1
DA:61,2
DA:62,2
DA:66,1
DA:69,2
DA:70,1
DA:71,1
DA:72,2
DA:73,2
DA:77,1
DA:83,2
DA:87,1
DA:88,1
DA:89,2
DA:90,2
DA:94,1
DA:97,2
DA:98,1
DA:99,1
DA:100,2
DA:101,2
LF:43
LH:43
end_of_record
SF:lib\features\friends\domain\use_cases\accept_friend_request.dart
DA:7,1
DA:11,1
DA:15,2
LF:3
LH:3
end_of_record
SF:lib\features\friends\domain\use_cases\get_friends.dart
DA:7,1
DA:11,1
DA:15,2
LF:3
LH:3
end_of_record
SF:lib\features\friends\domain\use_cases\get_friend_requests.dart
DA:7,1
DA:11,1
DA:15,2
LF:3
LH:3
end_of_record
SF:lib\features\friends\domain\use_cases\reject_friend_request.dart
DA:7,1
DA:11,1
DA:15,2
LF:3
LH:3
end_of_record
SF:lib\features\friends\domain\use_cases\remove_friend.dart
DA:10,1
DA:14,1
DA:18,2
DA:19,1
DA:20,1
DA:28,1
DA:34,2
DA:44,1
DA:45,3
LF:9
LH:9
end_of_record
SF:lib\features\friends\domain\use_cases\search_users.dart
DA:7,1
DA:11,1
DA:15,2
LF:3
LH:3
end_of_record
SF:lib\features\friends\domain\use_cases\send_friend_request.dart
DA:8,1
DA:12,1
DA:16,2
LF:3
LH:3
end_of_record
SF:lib\features\friends\presentation\friends_bloc\friends_state.dart
DA:5,3
DA:7,1
DA:8,1
DA:13,2
DA:18,2
DA:23,2
DA:28,2
DA:33,2
DA:38,2
DA:43,1
DA:47,1
DA:48,2
DA:53,1
DA:57,1
DA:58,2
DA:63,2
DA:70,1
DA:74,1
DA:75,2
LF:19
LH:19
end_of_record
SF:lib\features\friends\presentation\friends_bloc\friends_event.dart
DA:5,2
DA:7,0
DA:8,0
DA:13,1
DA:17,0
DA:18,0
DA:23,1
DA:27,0
DA:28,0
DA:33,1
DA:37,0
DA:38,0
DA:43,1
DA:51,0
DA:52,0
DA:57,1
DA:61,0
DA:62,0
DA:67,1
DA:71,0
DA:72,0
DA:77,2
DA:80,0
DA:81,0
LF:24
LH:8
end_of_record
SF:lib\features\friends\presentation\friends_bloc\friends_bloc.dart
DA:18,1
DA:26,1
DA:27,2
DA:28,2
DA:29,2
DA:30,2
DA:31,2
DA:32,2
DA:33,2
DA:44,1
DA:48,1
DA:49,3
DA:50,1
DA:51,4
DA:52,3
DA:56,1
DA:60,1
DA:61,3
DA:62,1
DA:63,4
DA:64,3
DA:68,1
DA:72,1
DA:73,3
DA:74,1
DA:75,4
DA:76,2
DA:80,1
DA:84,1
DA:85,3
DA:86,1
DA:87,4
DA:88,2
DA:92,1
DA:96,1
DA:97,3
DA:98,1
DA:99,4
DA:100,2
DA:104,1
DA:108,1
DA:109,2
DA:110,1
DA:111,1
DA:112,1
DA:115,1
DA:116,4
DA:117,2
DA:121,1
DA:122,1
DA:123,3
DA:124,1
DA:125,4
DA:126,3
LF:54
LH:54
end_of_record
SF:lib\core\resources\media_resources.dart
DA:2,0
LF:1
LH:0
end_of_record
SF:lib\features\platforms\data\data_sources\platforms_data_source.dart
DA:23,1
DA:25,2
DA:26,1
DA:28,1
DA:29,2
DA:33,1
LF:6
LH:6
end_of_record
SF:lib\features\platforms\data\repositories\platforms_repository_impl.dart
DA:10,1
DA:13,1
DA:16,2
DA:17,1
DA:18,1
DA:19,2
LF:6
LH:6
end_of_record
SF:lib\features\platforms\domain\use_cases\load_platforms.dart
DA:7,1
DA:11,1
DA:12,2
LF:3
LH:3
end_of_record
SF:lib\features\platforms\presentation\platforms_cubit\platforms_cubit.dart
DA:9,3
DA:13,1
DA:14,2
DA:15,2
DA:16,1
DA:17,4
DA:18,3
LF:7
LH:7
end_of_record
SF:lib\features\platforms\presentation\platforms_cubit\platforms_state.dart
DA:3,1
DA:4,1
DA:5,1
DA:13,1
DA:16,1
DA:17,2
DA:21,1
DA:24,1
DA:25,2
LF:9
LH:9
end_of_record
SF:lib\features\watch_party\data\data_sources\watch_party_remote_data_source.dart
DA:103,1
DA:106,1
DA:109,2
DA:111,1
DA:112,1
DA:115,2
DA:117,0
DA:118,0
DA:119,0
DA:120,0
DA:123,0
DA:124,0
DA:125,0
DA:131,1
DA:137,2
DA:138,1
DA:140,1
DA:144,1
DA:145,1
DA:146,1
DA:149,1
DA:150,1
DA:151,2
DA:154,2
DA:155,0
DA:156,0
DA:157,0
DA:158,0
DA:161,0
DA:162,0
DA:163,0
DA:169,1
DA:172,1
DA:173,1
DA:174,1
DA:175,1
DA:176,1
DA:177,2
DA:178,1
DA:179,3
DA:181,1
DA:184,0
DA:185,0
DA:186,0
DA:187,0
DA:190,0
DA:191,0
DA:192,0
DA:198,1
DA:203,3
DA:205,1
DA:212,2
DA:213,1
DA:214,0
DA:215,0
DA:216,0
DA:219,1
DA:220,1
DA:221,1
DA:227,1
DA:233,2
DA:234,1
DA:236,1
DA:242,1
DA:243,1
DA:244,1
DA:245,1
DA:247,2
DA:248,0
DA:249,0
DA:250,0
DA:251,0
DA:254,0
DA:255,0
DA:256,0
DA:262,1
DA:265,3
DA:266,0
DA:267,0
DA:268,0
DA:269,0
DA:272,0
DA:273,0
DA:274,0
DA:280,1
DA:283,5
DA:284,1
DA:285,2
DA:288,1
DA:289,0
DA:290,0
DA:291,0
DA:292,0
DA:293,0
DA:296,0
DA:297,0
DA:302,0
DA:303,0
DA:304,0
DA:305,0
DA:308,0
DA:311,0
DA:312,0
DA:313,0
DA:319,1
DA:322,4
DA:325,1
DA:326,0
DA:327,0
DA:328,0
DA:330,1
DA:333,3
DA:334,1
DA:335,1
DA:341,1
DA:344,2
DA:346,1
DA:347,3
DA:349,2
DA:350,1
DA:351,1
DA:353,2
DA:356,1
DA:357,0
DA:358,0
DA:359,0
DA:360,0
DA:363,0
DA:364,0
DA:368,0
DA:369,0
DA:370,0
DA:371,0
DA:372,0
DA:373,0
DA:376,0
DA:377,0
DA:379,0
DA:380,0
DA:389,1
DA:395,4
DA:396,0
DA:397,0
DA:398,0
DA:399,0
DA:402,0
DA:403,0
DA:404,0
DA:410,1
DA:417,4
DA:419,1
DA:421,1
DA:422,0
DA:423,0
DA:424,0
DA:425,0
DA:428,0
DA:429,0
DA:430,0
DA:436,0
DA:438,0
DA:439,0
DA:440,0
DA:441,0
DA:442,0
DA:443,0
DA:444,0
DA:445,0
DA:446,0
DA:447,0
DA:448,0
DA:449,0
DA:452,0
DA:453,0
DA:460,3
LF:175
LH:74
end_of_record
SF:lib\features\watch_party\data\repositories\watch_party_repository_impl.dart
DA:14,1
DA:18,1
DA:23,2
DA:24,1
DA:25,1
DA:26,2
DA:30,1
DA:36,2
DA:40,1
DA:41,1
DA:42,2
DA:46,1
DA:49,2
DA:50,1
DA:51,1
DA:52,2
DA:56,1
DA:61,2
DA:62,1
DA:63,1
DA:64,2
DA:68,1
DA:71,2
DA:75,1
DA:76,1
DA:77,2
DA:81,1
DA:84,2
DA:85,1
DA:86,1
DA:87,2
DA:91,1
DA:93,3
DA:94,1
DA:95,1
DA:96,2
DA:98,1
DA:99,1
DA:100,1
DA:101,1
DA:102,1
DA:106,0
DA:107,0
DA:108,0
DA:109,0
DA:120,1
DA:123,2
DA:124,1
DA:125,1
DA:126,2
DA:130,1
DA:132,3
DA:133,1
DA:134,1
DA:135,2
DA:137,1
DA:138,1
DA:139,3
DA:141,0
DA:142,0
DA:143,0
DA:144,0
DA:155,1
DA:161,2
DA:165,1
DA:166,1
DA:167,1
DA:168,1
DA:173,1
DA:180,2
DA:185,1
DA:186,1
DA:187,1
DA:188,1
DA:193,1
DA:195,3
DA:196,1
DA:197,1
DA:198,2
DA:200,1
DA:201,1
DA:202,3
DA:204,0
DA:205,0
DA:206,0
DA:207,0
LF:86
LH:74
end_of_record
SF:lib\features\watch_party\domain\use_cases\get_public_watch_parties.dart
DA:8,1
DA:12,1
DA:13,2
LF:3
LH:3
end_of_record
SF:lib\features\watch_party\presentation\public_parties_cubit\public_parties_state.dart
DA:4,1
DA:6,1
DA:7,1
DA:15,1
DA:19,1
DA:20,2
DA:24,1
DA:27,1
DA:28,2
LF:9
LH:9
end_of_record
SF:lib\features\watch_party\presentation\public_parties_cubit\public_parties_cubit.dart
DA:9,3
DA:13,1
DA:14,2
DA:16,2
DA:18,1
DA:19,4
DA:20,3
LF:7
LH:7
end_of_record
